<?xml version="1.0" encoding="UTF-8"?>
<testng-results skipped="0" failed="0" ignored="0" total="1" passed="1">
  <reporter-output>
  </reporter-output>
  <suite name="Suite" duration-ms="123" started-at="2020-03-24T13:06:54 IST" finished-at="2020-03-24T13:06:54 IST">
    <groups>
    </groups>
    <test name="Test" duration-ms="123" started-at="2020-03-24T13:06:54 IST" finished-at="2020-03-24T13:06:54 IST">
      <class name="testfeature.TestLogin">
        <test-method status="PASS" signature="testLogin_1()[pri:0, instance:testfeature.TestLogin@74f827ad]" name="testLogin_1" duration-ms="20" started-at="2020-03-24T13:06:54 IST" finished-at="2020-03-24T13:06:54 IST">
          <reporter-output>
          </reporter-output>
        </test-method> <!-- testLogin_1 -->
      </class> <!-- testfeature.TestLogin -->
    </test> <!-- Test -->
  </suite> <!-- Suite -->
</testng-results>
